This is XeTeX, Version 3.14159265-2.6-0.999991 (TeX Live 2019/Arch Linux) (preloaded format=xelatex 2020.3.30)  8 APR 2020 21:01
entering extended mode
 \write18 enabled.
 file:line:error style messages enabled.
 %&-line parsing enabled.
**hw0.tex
(./hw0.tex
LaTeX2e <2019-10-01> patch level 1
(/usr/share/texmf-dist/tex/latex/base/article.cls
Document Class: article 2019/08/27 v1.4j Standard LaTeX document class
(/usr/share/texmf-dist/tex/latex/base/size10.clo
File: size10.clo 2019/08/27 v1.4j Standard LaTeX file (size option)
)
\c@part=\count80
\c@section=\count81
\c@subsection=\count82
\c@subsubsection=\count83
\c@paragraph=\count84
\c@subparagraph=\count85
\c@figure=\count86
\c@table=\count87
\abovecaptionskip=\skip41
\belowcaptionskip=\skip42
\bibindent=\dimen102
) (/usr/share/texmf-dist/tex/latex/enumitem/enumitem.sty
Package: enumitem 2019/06/20 v3.9 Customized lists
\enitkv@toks@=\toks14
\labelindent=\skip43
\enit@outerparindent=\dimen103
\enit@toks=\toks15
\enit@inbox=\box27
\enit@count@id=\count88
\enitdp@description=\count89
) (/usr/share/texmf-dist/tex/latex/mathtools/mathtools.sty
Package: mathtools 2019/07/31 v1.22 mathematical typesetting tools
 (/usr/share/texmf-dist/tex/latex/graphics/keyval.sty
Package: keyval 2014/10/28 v1.15 key=value parser (DPC)
\KV@toks@=\toks16
) (/usr/share/texmf-dist/tex/latex/tools/calc.sty
Package: calc 2017/05/25 v4.3 Infix arithmetic (KKT,FJ)
\calc@Acount=\count90
\calc@Bcount=\count91
\calc@Adimen=\dimen104
\calc@Bdimen=\dimen105
\calc@Askip=\skip44
\calc@Bskip=\skip45
LaTeX Info: Redefining \setlength on input line 80.
LaTeX Info: Redefining \addtolength on input line 81.
\calc@Ccount=\count92
\calc@Cskip=\skip46
) (/usr/share/texmf-dist/tex/latex/mathtools/mhsetup.sty
Package: mhsetup 2017/03/31 v1.3 programming setup (MH)
) (/usr/share/texmf-dist/tex/latex/amsmath/amsmath.sty
Package: amsmath 2019/04/01 v2.17c AMS math features
\@mathmargin=\skip47

For additional information on amsmath, use the `?' option.
(/usr/share/texmf-dist/tex/latex/amsmath/amstext.sty
Package: amstext 2000/06/29 v2.01 AMS text
 (/usr/share/texmf-dist/tex/latex/amsmath/amsgen.sty
File: amsgen.sty 1999/11/30 v2.0 generic functions
\@emptytoks=\toks17
\ex@=\dimen106
)) (/usr/share/texmf-dist/tex/latex/amsmath/amsbsy.sty
Package: amsbsy 1999/11/29 v1.2d Bold Symbols
\pmbraise@=\dimen107
) (/usr/share/texmf-dist/tex/latex/amsmath/amsopn.sty
Package: amsopn 2016/03/08 v2.02 operator names
)
\inf@bad=\count93
LaTeX Info: Redefining \frac on input line 227.
\uproot@=\count94
\leftroot@=\count95
LaTeX Info: Redefining \overline on input line 389.
\classnum@=\count96
\DOTSCASE@=\count97
LaTeX Info: Redefining \ldots on input line 486.
LaTeX Info: Redefining \dots on input line 489.
LaTeX Info: Redefining \cdots on input line 610.
\Mathstrutbox@=\box28
\strutbox@=\box29
\big@size=\dimen108
LaTeX Font Info:    Redeclaring font encoding OML on input line 733.
LaTeX Font Info:    Redeclaring font encoding OMS on input line 734.
\macc@depth=\count98
\c@MaxMatrixCols=\count99
\dotsspace@=\muskip10
\c@parentequation=\count100
\dspbrk@lvl=\count101
\tag@help=\toks18
\row@=\count102
\column@=\count103
\maxfields@=\count104
\andhelp@=\toks19
\eqnshift@=\dimen109
\alignsep@=\dimen110
\tagshift@=\dimen111
\tagwidth@=\dimen112
\totwidth@=\dimen113
\lineht@=\dimen114
\@envbody=\toks20
\multlinegap=\skip48
\multlinetaggap=\skip49
\mathdisplay@stack=\toks21
LaTeX Info: Redefining \[ on input line 2855.
LaTeX Info: Redefining \] on input line 2856.
)
LaTeX Info: Thecontrolsequence`\('isalreadyrobust on input line 129.
LaTeX Info: Thecontrolsequence`\)'isalreadyrobust on input line 129.
LaTeX Info: Thecontrolsequence`\['isalreadyrobust on input line 129.
LaTeX Info: Thecontrolsequence`\]'isalreadyrobust on input line 129.
\g_MT_multlinerow_int=\count105
\l_MT_multwidth_dim=\dimen115
\origjot=\skip50
\l_MT_shortvdotswithinadjustabove_dim=\dimen116
\l_MT_shortvdotswithinadjustbelow_dim=\dimen117
\l_MT_above_intertext_sep=\dimen118
\l_MT_below_intertext_sep=\dimen119
\l_MT_above_shortintertext_sep=\dimen120
\l_MT_below_shortintertext_sep=\dimen121
) (/usr/share/texmf-dist/tex/latex/cancel/cancel.sty
Package: cancel 2013/04/12 v2.2 Cancel math terms
) (/usr/share/texmf-dist/tex/latex/amsfonts/amsfonts.sty
Package: amsfonts 2013/01/14 v3.01 Basic AMSFonts support
\symAMSa=\mathgroup4
\symAMSb=\mathgroup5
LaTeX Font Info:    Redeclaring math symbol \hbar on input line 98.
LaTeX Font Info:    Overwriting math alphabet `\mathfrak' in version `bold'
(Font)                  U/euf/m/n --> U/euf/b/n on input line 106.
) (/usr/share/texmf-dist/tex/latex/amscls/amsthm.sty
Package: amsthm 2017/10/31 v2.20.4
\thm@style=\toks22
\thm@bodyfont=\toks23
\thm@headfont=\toks24
\thm@notefont=\toks25
\thm@headpunct=\toks26
\thm@preskip=\skip51
\thm@postskip=\skip52
\thm@headsep=\skip53
\dth@everypar=\toks27
) (/usr/share/texmf-dist/tex/latex/amsfonts/amssymb.sty
Package: amssymb 2013/01/14 v3.01 AMS font symbols
) (/usr/share/texmf-dist/tex/latex/tools/bm.sty
Package: bm 2019/07/24 v1.2d Bold Symbol Support (DPC/FMi)
\symboldoperators=\mathgroup6
\symboldletters=\mathgroup7
\symboldsymbols=\mathgroup8
LaTeX Font Info:    Redeclaring math alphabet \mathbf on input line 141.
LaTeX Info: Redefining \bm on input line 209.
) (/usr/share/texmf-dist/tex/latex/geometry/geometry.sty
Package: geometry 2018/04/16 v5.8 Page Geometry
 (/usr/share/texmf-dist/tex/generic/oberdiek/ifpdf.sty
Package: ifpdf 2018/09/07 v3.3 Provides the ifpdf switch
) (/usr/share/texmf-dist/tex/generic/oberdiek/ifvtex.sty
Package: ifvtex 2016/05/16 v1.6 Detect VTeX and its facilities (HO)
Package ifvtex Info: VTeX not detected.
) (/usr/share/texmf-dist/tex/generic/ifxetex/ifxetex.sty
Package: ifxetex 2010/09/12 v0.6 Provides ifxetex conditional
)
\Gm@cnth=\count106
\Gm@cntv=\count107
\c@Gm@tempcnt=\count108
\Gm@bindingoffset=\dimen122
\Gm@wd@mp=\dimen123
\Gm@odd@mp=\dimen124
\Gm@even@mp=\dimen125
\Gm@layoutwidth=\dimen126
\Gm@layoutheight=\dimen127
\Gm@layouthoffset=\dimen128
\Gm@layoutvoffset=\dimen129
\Gm@dimlist=\toks28
) (/usr/share/texmf-dist/tex/latex/graphics/graphicx.sty
Package: graphicx 2017/06/01 v1.1a Enhanced LaTeX Graphics (DPC,SPQR)
 (/usr/share/texmf-dist/tex/latex/graphics/graphics.sty
Package: graphics 2019/10/08 v1.3c Standard LaTeX Graphics (DPC,SPQR)
 (/usr/share/texmf-dist/tex/latex/graphics/trig.sty
Package: trig 2016/01/03 v1.10 sin cos tan (DPC)
) (/usr/share/texmf-dist/tex/latex/graphics-cfg/graphics.cfg
File: graphics.cfg 2016/06/04 v1.11 sample graphics configuration
)
Package graphics Info: Driver file: xetex.def on input line 105.
 (/usr/share/texmf-dist/tex/latex/graphics-def/xetex.def
File: xetex.def 2017/06/24 v5.0h Graphics/color driver for xetex
))
\Gin@req@height=\dimen130
\Gin@req@width=\dimen131
) (/usr/share/texmf-dist/tex/latex/url/url.sty
\Urlmuskip=\muskip11
Package: url 2013/09/16  ver 3.4  Verb mode for urls, etc.
) (/usr/share/texmf-dist/tex/latex/graphics/color.sty
Package: color 2016/07/10 v1.1e Standard LaTeX Color (DPC)
 (/usr/share/texmf-dist/tex/latex/graphics-cfg/color.cfg
File: color.cfg 2016/01/02 v1.6 sample color configuration
)
Package color Info: Driver file: xetex.def on input line 147.
 (/usr/share/texmf-dist/tex/latex/graphics/dvipsnam.def
File: dvipsnam.def 2016/06/17 v3.0m Driver-dependent file (DPC,SPQR)
)) (/usr/share/texmf-dist/tex/latex/fancyhdr/fancyhdr.sty
Package: fancyhdr 2019/01/31 v3.10 Extensive control of page headers and footers
\f@nch@headwidth=\skip54
\f@nch@O@elh=\skip55
\f@nch@O@erh=\skip56
\f@nch@O@olh=\skip57
\f@nch@O@orh=\skip58
\f@nch@O@elf=\skip59
\f@nch@O@erf=\skip60
\f@nch@O@olf=\skip61
\f@nch@O@orf=\skip62
) (/usr/share/texmf-dist/tex/latex/multirow/multirow.sty
Package: multirow 2019/05/31 v2.5 Span multiple rows of a table
\multirow@colwidth=\skip63
\multirow@cntb=\count109
\multirow@dima=\skip64
\bigstrutjot=\dimen132
) (./hw0.aux)
\openout1 = `hw0.aux'.

LaTeX Font Info:    Checking defaults for OML/cmm/m/it on input line 45.
LaTeX Font Info:    ... okay on input line 45.
LaTeX Font Info:    Checking defaults for T1/cmr/m/n on input line 45.
LaTeX Font Info:    ... okay on input line 45.
LaTeX Font Info:    Checking defaults for OT1/cmr/m/n on input line 45.
LaTeX Font Info:    ... okay on input line 45.
LaTeX Font Info:    Checking defaults for OMS/cmsy/m/n on input line 45.
LaTeX Font Info:    ... okay on input line 45.
LaTeX Font Info:    Checking defaults for TU/lmr/m/n on input line 45.
LaTeX Font Info:    ... okay on input line 45.
LaTeX Font Info:    Checking defaults for OMX/cmex/m/n on input line 45.
LaTeX Font Info:    ... okay on input line 45.
LaTeX Font Info:    Checking defaults for U/cmr/m/n on input line 45.
LaTeX Font Info:    ... okay on input line 45.

*geometry* driver: auto-detecting
*geometry* detected driver: xetex
*geometry* verbose mode - [ preamble ] result:
* driver: xetex
* paper: <default>
* layout: <same size as paper>
* layoutoffset:(h,v)=(0.0pt,0.0pt)
* modes: 
* h-part:(L,W,R)=(65.04256pt, 484.20988pt, 65.04256pt)
* v-part:(T,H,B)=(65.04256pt, 664.88487pt, 65.04256pt)
* \paperwidth=614.295pt
* \paperheight=794.96999pt
* \textwidth=484.20988pt
* \textheight=664.88487pt
* \oddsidemargin=-7.22743pt
* \evensidemargin=-7.22743pt
* \topmargin=-44.22743pt
* \headheight=12.0pt
* \headsep=25.0pt
* \topskip=10.0pt
* \footskip=30.0pt
* \marginparwidth=65.0pt
* \marginparsep=11.0pt
* \columnsep=10.0pt
* \skip\footins=9.0pt plus 4.0pt minus 2.0pt
* \hoffset=0.0pt
* \voffset=0.0pt
* \mag=1000
* \@twocolumnfalse
* \@twosidefalse
* \@mparswitchfalse
* \@reversemarginfalse
* (1in=72.27pt=25.4mm, 1cm=28.453pt)

LaTeX Font Info:    Trying to load font information for U+msa on input line 52.
(/usr/share/texmf-dist/tex/latex/amsfonts/umsa.fd
File: umsa.fd 2013/01/14 v3.01 AMS symbols A
)
LaTeX Font Info:    Trying to load font information for U+msb on input line 52.
 (/usr/share/texmf-dist/tex/latex/amsfonts/umsb.fd
File: umsb.fd 2013/01/14 v3.01 AMS symbols B
)
Underfull \hbox (badness 10000) in paragraph at lines 56--57

 []


Overfull \hbox (10.12999pt too wide) in paragraph at lines 58--70
[] 
 []


Underfull \hbox (badness 10000) in paragraph at lines 58--70

 []


Underfull \hbox (badness 10000) in paragraph at lines 115--115

 []


Underfull \hbox (badness 10000) in paragraph at lines 115--115

 []


Underfull \hbox (badness 10000) in paragraph at lines 115--115

 []


Underfull \hbox (badness 10000) in paragraph at lines 115--115

 []


Overfull \hbox (10.12999pt too wide) in paragraph at lines 80--116
[] 
 []

[1

]
Underfull \hbox (badness 10000) in paragraph at lines 131--131

 []


Overfull \hbox (10.12999pt too wide) in paragraph at lines 117--134
[]
 []

[2]
Underfull \hbox (badness 10000) in paragraph at lines 155--155

 []


Overfull \hbox (6.79999pt too wide) in paragraph at lines 138--156
[] 
 []


Underfull \hbox (badness 10000) in paragraph at lines 180--180

 []


Overfull \hbox (6.79999pt too wide) in paragraph at lines 159--181
[] 
 []


Underfull \hbox (badness 10000) in paragraph at lines 159--181

 []

[3]
Underfull \hbox (badness 10000) in paragraph at lines 182--183

 []


Underfull \hbox (badness 10000) in paragraph at lines 211--211

 []


Underfull \hbox (badness 10000) in paragraph at lines 211--211

 []


Overfull \hbox (6.79999pt too wide) in paragraph at lines 185--212
[] 
 []


Underfull \hbox (badness 10000) in paragraph at lines 185--212

 []


Underfull \hbox (badness 10000) in paragraph at lines 213--216

 []


Underfull \hbox (badness 10000) in paragraph at lines 253--253

 []


Overfull \hbox (6.79999pt too wide) in paragraph at lines 217--254
[] 
 []


Underfull \hbox (badness 10000) in paragraph at lines 217--254

 []

[4]
Underfull \hbox (badness 10000) in paragraph at lines 271--274

 []


Underfull \hbox (badness 10000) in paragraph at lines 285--285

 []


Overfull \hbox (6.79999pt too wide) in paragraph at lines 279--286
[] 
 []


Underfull \hbox (badness 10000) in paragraph at lines 279--286

 []

[5]
Underfull \hbox (badness 1888) in paragraph at lines 298--298
\TU/lmr/m/n/10 realizing that $\OML/cmm/m/it/10 X[]$ \TU/lmr/m/n/10 follows Bernouli ditribution: $\OML/cmm/m/it/10 X[] \OMS/cmsy/m/n/10 ^^X \OML/cmm/m/it/10 Ber\OT1/cmr/m/n/10 (\OML/cmm/m/it/10 p\OT1/cmr/m/n/10 )$\TU/lmr/m/n/10 . Variance of each single event is
 []


Underfull \hbox (badness 10000) in paragraph at lines 298--298

 []


Overfull \hbox (6.79999pt too wide) in paragraph at lines 288--299
[] 
 []


Underfull \hbox (badness 10000) in paragraph at lines 288--299

 []


Overfull \hbox (10.12999pt too wide) in paragraph at lines 301--311
[] 
 []


Underfull \hbox (badness 10000) in paragraph at lines 301--311

 []


Underfull \hbox (badness 10000) in paragraph at lines 312--313

 []


Overfull \hbox (10.12999pt too wide) in paragraph at lines 314--331
[] 
 []


Underfull \hbox (badness 10000) in paragraph at lines 314--331

 []

[6]
Overfull \hbox (6.79999pt too wide) in paragraph at lines 340--347
[] 
 []


Underfull \hbox (badness 10000) in paragraph at lines 340--347

 []


Underfull \hbox (badness 10000) in paragraph at lines 363--363

 []


Overfull \hbox (6.79999pt too wide) in paragraph at lines 348--366
[] 
 []


Underfull \hbox (badness 10000) in paragraph at lines 387--387

 []


Overfull \hbox (6.79999pt too wide) in paragraph at lines 370--388
[] 
 []


Underfull \hbox (badness 10000) in paragraph at lines 370--388

 []


Underfull \hbox (badness 10000) in paragraph at lines 456--456

 []


Underfull \hbox (badness 10000) in paragraph at lines 456--456

 []


Underfull \hbox (badness 10000) in paragraph at lines 456--456

 []


Underfull \hbox (badness 10000) in paragraph at lines 456--456

 []


Overfull \hbox (6.79999pt too wide) in paragraph at lines 389--457
[] 
 []


Underfull \hbox (badness 10000) in paragraph at lines 389--457

 []

[7]
Underfull \hbox (badness 10000) in paragraph at lines 482--482

 []

File: 56655.jpg Graphic file (type bmp)
<56655.jpg>

Overfull \hbox (6.79999pt too wide) in paragraph at lines 471--483
[] 
 []


Underfull \hbox (badness 10000) in paragraph at lines 471--483

 []

[8]
Underfull \hbox (badness 10000) in paragraph at lines 493--493

 []


Overfull \hbox (6.79999pt too wide) in paragraph at lines 484--494
[] 
 []


Underfull \hbox (badness 10000) in paragraph at lines 484--494

 []


Overfull \hbox (6.79999pt too wide) in paragraph at lines 502--536
[] 
 []


Underfull \hbox (badness 10000) in paragraph at lines 502--536

 []

[9]
Underfull \hbox (badness 10000) in paragraph at lines 581--581

 []


Underfull \hbox (badness 10000) in paragraph at lines 581--581

 []


Underfull \hbox (badness 10000) in paragraph at lines 581--581

 []


Underfull \hbox (badness 10000) in paragraph at lines 581--581

 []


Underfull \hbox (badness 10000) in paragraph at lines 581--581

 []


Underfull \hbox (badness 10000) in paragraph at lines 581--581

 []


Underfull \hbox (badness 10000) in paragraph at lines 594--594

 []


Overfull \hbox (6.79999pt too wide) in paragraph at lines 537--595
[] 
 []


Overfull \hbox (6.79999pt too wide) in paragraph at lines 537--595
[] 
 []


Underfull \hbox (badness 10000) in paragraph at lines 537--595

 []

[10]
Underfull \hbox (badness 10000) in paragraph at lines 596--597

 []


Overfull \hbox (6.79999pt too wide) in paragraph at lines 598--608
[] 
 []


Underfull \hbox (badness 10000) in paragraph at lines 598--608

 []

[11]
Underfull \hbox (badness 10000) in paragraph at lines 635--635

 []


Overfull \hbox (6.79999pt too wide) in paragraph at lines 617--636
[] 
 []


Underfull \hbox (badness 10000) in paragraph at lines 617--636

 []


Overfull \hbox (6.79999pt too wide) in paragraph at lines 639--646
[] 
 []


Underfull \hbox (badness 10000) in paragraph at lines 670--670

 []


Underfull \hbox (badness 10000) in paragraph at lines 670--670

 []


Overfull \hbox (6.79999pt too wide) in paragraph at lines 647--671
[] 
 []


Underfull \hbox (badness 10000) in paragraph at lines 647--671

 []

[12]
Overfull \hbox (6.79999pt too wide) in paragraph at lines 673--681
[] 
 []


Underfull \hbox (badness 10000) in paragraph at lines 673--681

 []

[13] [14] (./hw0.aux) ) 
Here is how much of TeX's memory you used:
 3862 strings out of 492483
 51536 string characters out of 6134979
 141707 words of memory out of 5000000
 8262 multiletter control sequences out of 15000+600000
 15614 words of font info for 71 fonts, out of 8000000 for 9000
 1348 hyphenation exceptions out of 8191
 37i,20n,45p,611b,314s stack positions out of 5000i,500n,10000p,200000b,80000s

Output written on hw0.pdf (14 pages).
